2026-01-26 16:43:16 [INFO]: Notification service initialized with Socket.IO
2026-01-26 16:43:16 [INFO]: Server running in development mode on port 5000
2026-01-26 16:43:16 [INFO]: API Documentation: http://localhost:5000/api-docs
2026-01-26 16:43:16 [INFO]: Upload directory created: C:\Users\MaseehJ\project-management-app\backend\uploads
2026-01-26 16:43:16 [INFO]: MongoDB Connected: localhost
2026-01-26 16:44:22 [INFO]: Notification service initialized with Socket.IO
2026-01-26 16:44:23 [INFO]: Server running in development mode on port 5000
2026-01-26 16:44:23 [INFO]: API Documentation: http://localhost:5000/api-docs
2026-01-26 16:44:23 [INFO]: Upload directory created: C:\Users\MaseehJ\project-management-app\backend\uploads
2026-01-26 16:44:23 [INFO]: MongoDB Connected: localhost
2026-01-26 16:50:25 [ERROR]: Error: Route not found: POST /auth/register
    at notFoundHandler (C:\Users\MaseehJ\project-management-app\backend\src\middleware\errorHandler.js:49:17)
    at Layer.handle [as handle_request] (C:\Users\MaseehJ\project-management-app\backend\node_modules\express\lib\router\layer.js:95:5)
    at trim_prefix (C:\Users\MaseehJ\project-management-app\backend\node_modules\express\lib\router\index.js:328:13)
    at C:\Users\MaseehJ\project-management-app\backend\node_modules\express\lib\router\index.js:286:9
    at Function.process_params (C:\Users\MaseehJ\project-management-app\backend\node_modules\express\lib\router\index.js:346:12)
    at next (C:\Users\MaseehJ\project-management-app\backend\node_modules\express\lib\router\index.js:280:10)
    at sanitizeQuery (C:\Users\MaseehJ\project-management-app\backend\src\middleware\validate.js:52:3)
    at Layer.handle [as handle_request] (C:\Users\MaseehJ\project-management-app\backend\node_modules\express\lib\router\layer.js:95:5)
    at trim_prefix (C:\Users\MaseehJ\project-management-app\backend\node_modules\express\lib\router\index.js:328:13)
    at C:\Users\MaseehJ\project-management-app\backend\node_modules\express\lib\router\index.js:286:9
2026-01-26 17:01:37 [INFO]: Notification service initialized with Socket.IO
2026-01-26 17:01:37 [INFO]: Server running in development mode on port 5000
2026-01-26 17:01:37 [INFO]: API Documentation: http://localhost:5000/api-docs
2026-01-26 17:01:37 [INFO]: Upload directory created: C:\Users\MaseehJ\project-management-app\backend\uploads
2026-01-26 17:01:37 [INFO]: MongoDB Connected: localhost
2026-01-26 17:02:02 [INFO]: Notification service initialized with Socket.IO
2026-01-26 17:02:02 [INFO]: Server running in development mode on port 5000
2026-01-26 17:02:02 [INFO]: API Documentation: http://localhost:5000/api-docs
2026-01-26 17:02:02 [INFO]: Upload directory created: C:\Users\MaseehJ\project-management-app\backend\uploads
2026-01-26 17:02:02 [INFO]: MongoDB Connected: localhost
2026-01-26 17:02:25 [ERROR]: Error: Route not found: POST /auth/register
    at notFoundHandler (C:\Users\MaseehJ\project-management-app\backend\src\middleware\errorHandler.js:49:17)
    at Layer.handle [as handle_request] (C:\Users\MaseehJ\project-management-app\backend\node_modules\express\lib\router\layer.js:95:5)
    at trim_prefix (C:\Users\MaseehJ\project-management-app\backend\node_modules\express\lib\router\index.js:328:13)
    at C:\Users\MaseehJ\project-management-app\backend\node_modules\express\lib\router\index.js:286:9
    at Function.process_params (C:\Users\MaseehJ\project-management-app\backend\node_modules\express\lib\router\index.js:346:12)
    at next (C:\Users\MaseehJ\project-management-app\backend\node_modules\express\lib\router\index.js:280:10)
    at sanitizeQuery (C:\Users\MaseehJ\project-management-app\backend\src\middleware\validate.js:52:3)
    at Layer.handle [as handle_request] (C:\Users\MaseehJ\project-management-app\backend\node_modules\express\lib\router\layer.js:95:5)
    at trim_prefix (C:\Users\MaseehJ\project-management-app\backend\node_modules\express\lib\router\index.js:328:13)
    at C:\Users\MaseehJ\project-management-app\backend\node_modules\express\lib\router\index.js:286:9
2026-01-26 17:04:01 [INFO]: Notification service initialized with Socket.IO
2026-01-26 17:04:01 [INFO]: Server running in development mode on port 5000
2026-01-26 17:04:01 [INFO]: API Documentation: http://localhost:5000/api-docs
2026-01-26 17:04:01 [INFO]: Upload directory created: C:\Users\MaseehJ\project-management-app\backend\uploads
2026-01-26 17:04:01 [INFO]: MongoDB Connected: localhost
2026-01-26 17:04:56 [INFO]: Notification service initialized with Socket.IO
2026-01-26 17:04:56 [INFO]: Server running in development mode on port 5000
2026-01-26 17:04:56 [INFO]: API Documentation: http://localhost:5000/api-docs
2026-01-26 17:04:56 [INFO]: Upload directory created: C:\Users\MaseehJ\project-management-app\backend\uploads
2026-01-26 17:04:56 [INFO]: MongoDB Connected: localhost
2026-01-26 17:06:50 [INFO]: Notification service initialized with Socket.IO
2026-01-26 17:06:50 [INFO]: Server running in development mode on port 5000
2026-01-26 17:06:50 [INFO]: API Documentation: http://localhost:5000/api-docs
2026-01-26 17:06:50 [INFO]: Upload directory created: C:\Users\MaseehJ\project-management-app\backend\uploads
2026-01-26 17:06:50 [INFO]: MongoDB Connected: localhost
2026-01-26 17:07:19 [ERROR]: Error: Route not found: POST /auth/register
    at notFoundHandler (C:\Users\MaseehJ\project-management-app\backend\src\middleware\errorHandler.js:49:17)
    at Layer.handle [as handle_request] (C:\Users\MaseehJ\project-management-app\backend\node_modules\express\lib\router\layer.js:95:5)
    at trim_prefix (C:\Users\MaseehJ\project-management-app\backend\node_modules\express\lib\router\index.js:328:13)
    at C:\Users\MaseehJ\project-management-app\backend\node_modules\express\lib\router\index.js:286:9
    at Function.process_params (C:\Users\MaseehJ\project-management-app\backend\node_modules\express\lib\router\index.js:346:12)
    at next (C:\Users\MaseehJ\project-management-app\backend\node_modules\express\lib\router\index.js:280:10)
    at sanitizeQuery (C:\Users\MaseehJ\project-management-app\backend\src\middleware\validate.js:52:3)
    at Layer.handle [as handle_request] (C:\Users\MaseehJ\project-management-app\backend\node_modules\express\lib\router\layer.js:95:5)
    at trim_prefix (C:\Users\MaseehJ\project-management-app\backend\node_modules\express\lib\router\index.js:328:13)
    at C:\Users\MaseehJ\project-management-app\backend\node_modules\express\lib\router\index.js:286:9
2026-01-26 17:07:53 [INFO]: Email service initialized
2026-01-26 17:07:53 [ERROR]: Error: connect ECONNREFUSED ::1:587
    at TCPConnectWrap.afterConnect [as oncomplete] (node:net:1637:16)
2026-01-26 17:07:53 [ERROR]: Error: connect ECONNREFUSED ::1:587
    at TCPConnectWrap.afterConnect [as oncomplete] (node:net:1637:16)
2026-01-26 17:08:09 [ERROR]: Error: Invalid credentials
    at userSchema.statics.findByCredentials (C:\Users\MaseehJ\project-management-app\backend\src\models\User.js:173:11)
    at process.processTicksAndRejections (node:internal/process/task_queues:105:5)
    at async AuthService.login (C:\Users\MaseehJ\project-management-app\backend\src\services\auth.service.js:87:18)
    at async C:\Users\MaseehJ\project-management-app\backend\src\controllers\auth.controller.js:25:18
2026-01-26 17:09:11 [ERROR]: Error: connect ECONNREFUSED ::1:587
    at TCPConnectWrap.afterConnect [as oncomplete] (node:net:1637:16)
2026-01-26 17:09:11 [ERROR]: Error: connect ECONNREFUSED ::1:587
    at TCPConnectWrap.afterConnect [as oncomplete] (node:net:1637:16)
2026-01-26 17:09:19 [ERROR]: Error: Please verify your email first
    at AuthService.login (C:\Users\MaseehJ\project-management-app\backend\src\services\auth.service.js:90:13)
    at process.processTicksAndRejections (node:internal/process/task_queues:105:5)
    at async C:\Users\MaseehJ\project-management-app\backend\src\controllers\auth.controller.js:25:18
2026-01-26 17:09:37 [ERROR]: Error: Please verify your email first
    at AuthService.login (C:\Users\MaseehJ\project-management-app\backend\src\services\auth.service.js:90:13)
    at process.processTicksAndRejections (node:internal/process/task_queues:105:5)
    at async C:\Users\MaseehJ\project-management-app\backend\src\controllers\auth.controller.js:25:18
2026-01-26 17:10:31 [ERROR]: Error: connect ECONNREFUSED ::1:587
    at TCPConnectWrap.afterConnect [as oncomplete] (node:net:1637:16)
2026-01-26 17:10:31 [ERROR]: Error: connect ECONNREFUSED ::1:587
    at TCPConnectWrap.afterConnect [as oncomplete] (node:net:1637:16)
2026-01-26 17:10:44 [ERROR]: Error: Please verify your email first
    at AuthService.login (C:\Users\MaseehJ\project-management-app\backend\src\services\auth.service.js:90:13)
    at process.processTicksAndRejections (node:internal/process/task_queues:105:5)
    at async C:\Users\MaseehJ\project-management-app\backend\src\controllers\auth.controller.js:25:18
2026-01-26 17:10:49 [ERROR]: Error: Please verify your email first
    at AuthService.login (C:\Users\MaseehJ\project-management-app\backend\src\services\auth.service.js:90:13)
    at process.processTicksAndRejections (node:internal/process/task_queues:105:5)
    at async C:\Users\MaseehJ\project-management-app\backend\src\controllers\auth.controller.js:25:18
2026-01-26 17:12:09 [INFO]: Notification service initialized with Socket.IO
2026-01-26 17:12:09 [INFO]: Server running in development mode on port 5000
2026-01-26 17:12:09 [INFO]: API Documentation: http://localhost:5000/api-docs
2026-01-26 17:12:09 [INFO]: Upload directory created: C:\Users\MaseehJ\project-management-app\backend\uploads
2026-01-26 17:12:09 [INFO]: MongoDB Connected: localhost
2026-01-26 17:12:54 [INFO]: Email service initialized
2026-01-26 17:12:54 [ERROR]: Error: connect ECONNREFUSED ::1:587
    at TCPConnectWrap.afterConnect [as oncomplete] (node:net:1637:16)
2026-01-26 17:12:54 [ERROR]: Error: connect ECONNREFUSED ::1:587
    at TCPConnectWrap.afterConnect [as oncomplete] (node:net:1637:16)
2026-01-26 17:13:03 [ERROR]: Error: Please verify your email first
    at AuthService.login (C:\Users\MaseehJ\project-management-app\backend\src\services\auth.service.js:96:15)
    at process.processTicksAndRejections (node:internal/process/task_queues:105:5)
    at async C:\Users\MaseehJ\project-management-app\backend\src\controllers\auth.controller.js:25:18
2026-01-26 17:13:17 [ERROR]: Error: Please verify your email first
    at AuthService.login (C:\Users\MaseehJ\project-management-app\backend\src\services\auth.service.js:96:15)
    at process.processTicksAndRejections (node:internal/process/task_queues:105:5)
    at async C:\Users\MaseehJ\project-management-app\backend\src\controllers\auth.controller.js:25:18
2026-01-26 17:13:19 [ERROR]: Error: Please verify your email first
    at AuthService.login (C:\Users\MaseehJ\project-management-app\backend\src\services\auth.service.js:96:15)
    at process.processTicksAndRejections (node:internal/process/task_queues:105:5)
    at async C:\Users\MaseehJ\project-management-app\backend\src\controllers\auth.controller.js:25:18
2026-01-26 17:14:16 [INFO]: Notification service initialized with Socket.IO
2026-01-26 17:14:16 [INFO]: Server running in development mode on port 5000
2026-01-26 17:14:16 [INFO]: API Documentation: http://localhost:5000/api-docs
2026-01-26 17:14:16 [INFO]: Upload directory created: C:\Users\MaseehJ\project-management-app\backend\uploads
2026-01-26 17:14:16 [INFO]: MongoDB Connected: localhost
2026-01-26 17:14:43 [INFO]: Email service initialized
2026-01-26 17:14:43 [ERROR]: Error: connect ECONNREFUSED ::1:587
    at TCPConnectWrap.afterConnect [as oncomplete] (node:net:1637:16)
2026-01-26 17:14:43 [ERROR]: Error: connect ECONNREFUSED ::1:587
    at TCPConnectWrap.afterConnect [as oncomplete] (node:net:1637:16)
2026-01-26 17:14:57 [ERROR]: Error: Please verify your email first
    at AuthService.login (C:\Users\MaseehJ\project-management-app\backend\src\services\auth.service.js:96:15)
    at process.processTicksAndRejections (node:internal/process/task_queues:105:5)
    at async C:\Users\MaseehJ\project-management-app\backend\src\controllers\auth.controller.js:25:18
2026-01-26 17:15:21 [INFO]: Notification service initialized with Socket.IO
2026-01-26 17:15:21 [INFO]: Server running in development mode on port 5000
2026-01-26 17:15:21 [INFO]: API Documentation: http://localhost:5000/api-docs
2026-01-26 17:15:21 [INFO]: Upload directory created: C:\Users\MaseehJ\project-management-app\backend\uploads
2026-01-26 17:15:21 [INFO]: MongoDB Connected: localhost
2026-01-26 17:15:51 [ERROR]: Error: secretOrPrivateKey must have a value
    at module.exports [as sign] (C:\Users\MaseehJ\project-management-app\backend\node_modules\jsonwebtoken\sign.js:111:20)
    at AuthService.generateAccessToken (C:\Users\MaseehJ\project-management-app\backend\src\services\auth.service.js:14:16)
    at AuthService.login (C:\Users\MaseehJ\project-management-app\backend\src\services\auth.service.js:94:30)
    at process.processTicksAndRejections (node:internal/process/task_queues:105:5)
    at async C:\Users\MaseehJ\project-management-app\backend\src\controllers\auth.controller.js:25:18
2026-01-26 17:16:35 [INFO]: Notification service initialized with Socket.IO
2026-01-26 17:16:35 [INFO]: Server running in development mode on port 5000
2026-01-26 17:16:35 [INFO]: API Documentation: http://localhost:5000/api-docs
2026-01-26 17:16:35 [INFO]: Upload directory created: C:\Users\MaseehJ\project-management-app\backend\uploads
2026-01-26 17:16:35 [INFO]: MongoDB Connected: localhost
2026-01-26 17:16:42 [INFO]: Socket connected: ZmepB-jxaFFsWrb_AAAB
2026-01-26 17:16:42 [DEBUG]: User 697753ab939ba1029dfd5c39 joined notification room
2026-01-26 17:16:42 [DEBUG]: Socket disconnected: ZmepB-jxaFFsWrb_AAAB
2026-01-26 17:16:57 [INFO]: Socket connected: UY0UwaGCyd3f73iHAAAD
2026-01-26 17:16:57 [DEBUG]: User 697753ab939ba1029dfd5c39 joined notification room
2026-01-26 17:16:58 [DEBUG]: Socket disconnected: UY0UwaGCyd3f73iHAAAD
2026-01-26 17:18:22 [INFO]: Socket connected: EvuIF3Ov-iC1bDxbAAAF
2026-01-26 17:18:22 [DEBUG]: User 697753ab939ba1029dfd5c39 joined notification room
2026-01-26 17:18:22 [DEBUG]: Socket disconnected: EvuIF3Ov-iC1bDxbAAAF
2026-01-26 17:20:04 [INFO]: Notification service initialized with Socket.IO
2026-01-26 17:20:04 [INFO]: Server running in development mode on port 5000
2026-01-26 17:20:04 [INFO]: API Documentation: http://localhost:5000/api-docs
2026-01-26 17:20:04 [INFO]: Upload directory created: C:\Users\MaseehJ\project-management-app\backend\uploads
2026-01-26 17:20:04 [INFO]: MongoDB Connected: localhost
2026-01-26 17:23:19 [INFO]: Notification service initialized with Socket.IO
2026-01-26 17:23:19 [INFO]: Server running in development mode on port 5000
2026-01-26 17:23:19 [INFO]: API Documentation: http://localhost:5000/api-docs
2026-01-26 17:23:19 [INFO]: Upload directory created: C:\Users\MaseehJ\project-management-app\backend\uploads
2026-01-26 17:23:19 [INFO]: MongoDB Connected: localhost
2026-01-26 17:23:35 [INFO]: Notification service initialized with Socket.IO
2026-01-26 17:23:35 [INFO]: Server running in development mode on port 5000
2026-01-26 17:23:35 [INFO]: API Documentation: http://localhost:5000/api-docs
2026-01-26 17:23:35 [INFO]: Upload directory created: C:\Users\MaseehJ\project-management-app\backend\uploads
2026-01-26 17:23:35 [INFO]: MongoDB Connected: localhost
2026-01-26 17:24:01 [ERROR]: VersionError: No matching document found for id "697753ab939ba1029dfd5c39" version 8 modifiedPaths "refreshTokens"
    at generateVersionError (C:\Users\MaseehJ\project-management-app\backend\node_modules\mongoose\lib\model.js:566:10)
    at model.save (C:\Users\MaseehJ\project-management-app\backend\node_modules\mongoose\lib\model.js:624:28)
    at AuthService.refreshToken (C:\Users\MaseehJ\project-management-app\backend\src\services\auth.service.js:159:16)
    at C:\Users\MaseehJ\project-management-app\backend\src\controllers\auth.controller.js:77:36
    at C:\Users\MaseehJ\project-management-app\backend\src\middleware\errorHandler.js:136:19
    at Layer.handle [as handle_request] (C:\Users\MaseehJ\project-management-app\backend\node_modules\express\lib\router\layer.js:95:5)
    at next (C:\Users\MaseehJ\project-management-app\backend\node_modules\express\lib\router\route.js:149:13)
    at verifyRefreshToken (C:\Users\MaseehJ\project-management-app\backend\src\middleware\auth.js:118:7)
    at process.processTicksAndRejections (node:internal/process/task_queues:105:5)
2026-01-26 17:24:01 [ERROR]: VersionError: No matching document found for id "697753ab939ba1029dfd5c39" version 9 modifiedPaths "refreshTokens"
    at generateVersionError (C:\Users\MaseehJ\project-management-app\backend\node_modules\mongoose\lib\model.js:566:10)
    at model.save (C:\Users\MaseehJ\project-management-app\backend\node_modules\mongoose\lib\model.js:624:28)
    at AuthService.refreshToken (C:\Users\MaseehJ\project-management-app\backend\src\services\auth.service.js:159:16)
    at C:\Users\MaseehJ\project-management-app\backend\src\controllers\auth.controller.js:77:36
    at C:\Users\MaseehJ\project-management-app\backend\src\middleware\errorHandler.js:136:19
    at Layer.handle [as handle_request] (C:\Users\MaseehJ\project-management-app\backend\node_modules\express\lib\router\layer.js:95:5)
    at next (C:\Users\MaseehJ\project-management-app\backend\node_modules\express\lib\router\route.js:149:13)
    at verifyRefreshToken (C:\Users\MaseehJ\project-management-app\backend\src\middleware\auth.js:118:7)
    at process.processTicksAndRejections (node:internal/process/task_queues:105:5)
2026-01-26 17:24:43 [ERROR]: VersionError: No matching document found for id "697753ab939ba1029dfd5c39" version 11 modifiedPaths "refreshTokens"
    at generateVersionError (C:\Users\MaseehJ\project-management-app\backend\node_modules\mongoose\lib\model.js:566:10)
    at model.save (C:\Users\MaseehJ\project-management-app\backend\node_modules\mongoose\lib\model.js:624:28)
    at AuthService.refreshToken (C:\Users\MaseehJ\project-management-app\backend\src\services\auth.service.js:159:16)
    at C:\Users\MaseehJ\project-management-app\backend\src\controllers\auth.controller.js:77:36
    at C:\Users\MaseehJ\project-management-app\backend\src\middleware\errorHandler.js:136:19
    at Layer.handle [as handle_request] (C:\Users\MaseehJ\project-management-app\backend\node_modules\express\lib\router\layer.js:95:5)
    at next (C:\Users\MaseehJ\project-management-app\backend\node_modules\express\lib\router\route.js:149:13)
    at verifyRefreshToken (C:\Users\MaseehJ\project-management-app\backend\src\middleware\auth.js:118:7)
    at process.processTicksAndRejections (node:internal/process/task_queues:105:5)
2026-01-26 17:25:34 [INFO]: Notification service initialized with Socket.IO
2026-01-26 17:25:34 [INFO]: Server running in development mode on port 5000
2026-01-26 17:25:34 [INFO]: API Documentation: http://localhost:5000/api-docs
2026-01-26 17:25:34 [INFO]: Upload directory created: C:\Users\MaseehJ\project-management-app\backend\uploads
2026-01-26 17:25:34 [INFO]: MongoDB Connected: localhost
2026-01-26 17:26:04 [INFO]: Notification service initialized with Socket.IO
2026-01-26 17:26:04 [INFO]: Server running in development mode on port 5000
2026-01-26 17:26:04 [INFO]: API Documentation: http://localhost:5000/api-docs
2026-01-26 17:26:04 [INFO]: Upload directory created: C:\Users\MaseehJ\project-management-app\backend\uploads
2026-01-26 17:26:04 [INFO]: MongoDB Connected: localhost
2026-01-26 17:28:11 [INFO]: Notification service initialized with Socket.IO
2026-01-26 17:28:11 [INFO]: Server running in development mode on port 5000
2026-01-26 17:28:11 [INFO]: API Documentation: http://localhost:5000/api-docs
2026-01-26 17:28:11 [INFO]: Upload directory created: C:\Users\MaseehJ\project-management-app\backend\uploads
2026-01-26 17:28:11 [INFO]: MongoDB Connected: localhost
2026-01-26 17:29:27 [INFO]: Notification service initialized with Socket.IO
2026-01-26 17:29:27 [INFO]: Server running in development mode on port 5000
2026-01-26 17:29:27 [INFO]: API Documentation: http://localhost:5000/api-docs
2026-01-26 17:29:27 [INFO]: Upload directory created: C:\Users\MaseehJ\project-management-app\backend\uploads
2026-01-26 17:29:27 [INFO]: MongoDB Connected: localhost
2026-01-26 17:29:31 [INFO]: Notification service initialized with Socket.IO
2026-01-26 17:29:31 [INFO]: Server running in development mode on port 5000
2026-01-26 17:29:31 [INFO]: API Documentation: http://localhost:5000/api-docs
2026-01-26 17:29:31 [INFO]: Upload directory created: C:\Users\MaseehJ\project-management-app\backend\uploads
2026-01-26 17:29:31 [INFO]: MongoDB Connected: localhost
2026-01-26 17:29:38 [INFO]: Notification service initialized with Socket.IO
2026-01-26 17:29:38 [INFO]: Server running in development mode on port 5000
2026-01-26 17:29:38 [INFO]: API Documentation: http://localhost:5000/api-docs
2026-01-26 17:29:38 [INFO]: Upload directory created: C:\Users\MaseehJ\project-management-app\backend\uploads
2026-01-26 17:29:38 [INFO]: MongoDB Connected: localhost
2026-01-26 17:30:20 [INFO]: Notification service initialized with Socket.IO
2026-01-26 17:30:20 [INFO]: Server running in development mode on port 5000
2026-01-26 17:30:20 [INFO]: API Documentation: http://localhost:5000/api-docs
2026-01-26 17:30:20 [INFO]: Upload directory created: C:\Users\MaseehJ\project-management-app\backend\uploads
2026-01-26 17:30:20 [INFO]: MongoDB Connected: localhost
2026-01-26 17:30:25 [INFO]: Notification service initialized with Socket.IO
2026-01-26 17:30:25 [INFO]: Server running in development mode on port 5000
2026-01-26 17:30:25 [INFO]: API Documentation: http://localhost:5000/api-docs
2026-01-26 17:30:25 [INFO]: Upload directory created: C:\Users\MaseehJ\project-management-app\backend\uploads
2026-01-26 17:30:25 [INFO]: MongoDB Connected: localhost
2026-01-26 17:30:28 [INFO]: Notification service initialized with Socket.IO
2026-01-26 17:30:28 [INFO]: Server running in development mode on port 5000
2026-01-26 17:30:28 [INFO]: API Documentation: http://localhost:5000/api-docs
2026-01-26 17:30:28 [INFO]: Upload directory created: C:\Users\MaseehJ\project-management-app\backend\uploads
2026-01-26 17:30:28 [INFO]: MongoDB Connected: localhost
2026-01-26 17:31:38 [INFO]: Notification service initialized with Socket.IO
2026-01-26 17:31:38 [INFO]: Server running in development mode on port 5000
2026-01-26 17:31:38 [INFO]: API Documentation: http://localhost:5000/api-docs
2026-01-26 17:31:38 [INFO]: Upload directory created: C:\Users\MaseehJ\project-management-app\backend\uploads
2026-01-26 17:31:38 [INFO]: MongoDB Connected: localhost
2026-01-26 17:31:45 [INFO]: Notification service initialized with Socket.IO
2026-01-26 17:31:45 [INFO]: Server running in development mode on port 5000
2026-01-26 17:31:45 [INFO]: API Documentation: http://localhost:5000/api-docs
2026-01-26 17:31:45 [INFO]: Upload directory created: C:\Users\MaseehJ\project-management-app\backend\uploads
2026-01-26 17:31:45 [INFO]: MongoDB Connected: localhost
2026-01-26 17:31:47 [INFO]: Notification service initialized with Socket.IO
2026-01-26 17:31:47 [INFO]: Server running in development mode on port 5000
2026-01-26 17:31:47 [INFO]: API Documentation: http://localhost:5000/api-docs
2026-01-26 17:31:47 [INFO]: Upload directory created: C:\Users\MaseehJ\project-management-app\backend\uploads
2026-01-26 17:31:47 [INFO]: MongoDB Connected: localhost
2026-01-26 17:31:52 [INFO]: Notification service initialized with Socket.IO
2026-01-26 17:31:52 [INFO]: Server running in development mode on port 5000
2026-01-26 17:31:52 [INFO]: API Documentation: http://localhost:5000/api-docs
2026-01-26 17:31:52 [INFO]: Upload directory created: C:\Users\MaseehJ\project-management-app\backend\uploads
2026-01-26 17:31:52 [INFO]: MongoDB Connected: localhost
2026-01-26 17:32:03 [INFO]: Notification service initialized with Socket.IO
2026-01-26 17:32:03 [INFO]: Server running in development mode on port 5000
2026-01-26 17:32:03 [INFO]: API Documentation: http://localhost:5000/api-docs
2026-01-26 17:32:03 [INFO]: Upload directory created: C:\Users\MaseehJ\project-management-app\backend\uploads
2026-01-26 17:32:03 [INFO]: MongoDB Connected: localhost
2026-01-26 17:32:06 [INFO]: Notification service initialized with Socket.IO
2026-01-26 17:32:06 [INFO]: Server running in development mode on port 5000
2026-01-26 17:32:06 [INFO]: API Documentation: http://localhost:5000/api-docs
2026-01-26 17:32:06 [INFO]: Upload directory created: C:\Users\MaseehJ\project-management-app\backend\uploads
2026-01-26 17:32:06 [INFO]: MongoDB Connected: localhost
2026-01-26 17:32:09 [INFO]: Notification service initialized with Socket.IO
2026-01-26 17:32:09 [INFO]: Server running in development mode on port 5000
2026-01-26 17:32:09 [INFO]: API Documentation: http://localhost:5000/api-docs
2026-01-26 17:32:09 [INFO]: Upload directory created: C:\Users\MaseehJ\project-management-app\backend\uploads
2026-01-26 17:32:09 [INFO]: MongoDB Connected: localhost
2026-01-26 17:32:16 [ERROR]: ValidationError: Project validation failed: key: Path `key` is required., organizationId: Path `organizationId` is required.
    at Document.invalidate (C:\Users\MaseehJ\project-management-app\backend\node_modules\mongoose\lib\document.js:3373:32)
    at C:\Users\MaseehJ\project-management-app\backend\node_modules\mongoose\lib\document.js:3134:17
    at C:\Users\MaseehJ\project-management-app\backend\node_modules\mongoose\lib\schemaType.js:1446:9
    at process.processTicksAndRejections (node:internal/process/task_queues:85:11)
2026-01-26 17:32:27 [ERROR]: ValidationError: Project validation failed: organizationId: Path `organizationId` is required.
    at Document.invalidate (C:\Users\MaseehJ\project-management-app\backend\node_modules\mongoose\lib\document.js:3373:32)
    at C:\Users\MaseehJ\project-management-app\backend\node_modules\mongoose\lib\document.js:3134:17
    at C:\Users\MaseehJ\project-management-app\backend\node_modules\mongoose\lib\schemaType.js:1446:9
    at process.processTicksAndRejections (node:internal/process/task_queues:85:11)
2026-01-26 17:32:28 [ERROR]: ValidationError: Project validation failed: organizationId: Path `organizationId` is required.
    at Document.invalidate (C:\Users\MaseehJ\project-management-app\backend\node_modules\mongoose\lib\document.js:3373:32)
    at C:\Users\MaseehJ\project-management-app\backend\node_modules\mongoose\lib\document.js:3134:17
    at C:\Users\MaseehJ\project-management-app\backend\node_modules\mongoose\lib\schemaType.js:1446:9
    at process.processTicksAndRejections (node:internal/process/task_queues:85:11)
2026-01-26 17:32:29 [ERROR]: ValidationError: Project validation failed: organizationId: Path `organizationId` is required.
    at Document.invalidate (C:\Users\MaseehJ\project-management-app\backend\node_modules\mongoose\lib\document.js:3373:32)
    at C:\Users\MaseehJ\project-management-app\backend\node_modules\mongoose\lib\document.js:3134:17
    at C:\Users\MaseehJ\project-management-app\backend\node_modules\mongoose\lib\schemaType.js:1446:9
    at process.processTicksAndRejections (node:internal/process/task_queues:85:11)
2026-01-26 17:32:29 [ERROR]: ValidationError: Project validation failed: organizationId: Path `organizationId` is required.
    at Document.invalidate (C:\Users\MaseehJ\project-management-app\backend\node_modules\mongoose\lib\document.js:3373:32)
    at C:\Users\MaseehJ\project-management-app\backend\node_modules\mongoose\lib\document.js:3134:17
    at C:\Users\MaseehJ\project-management-app\backend\node_modules\mongoose\lib\schemaType.js:1446:9
    at process.processTicksAndRejections (node:internal/process/task_queues:85:11)
2026-01-26 17:32:29 [ERROR]: ValidationError: Project validation failed: organizationId: Path `organizationId` is required.
    at Document.invalidate (C:\Users\MaseehJ\project-management-app\backend\node_modules\mongoose\lib\document.js:3373:32)
    at C:\Users\MaseehJ\project-management-app\backend\node_modules\mongoose\lib\document.js:3134:17
    at C:\Users\MaseehJ\project-management-app\backend\node_modules\mongoose\lib\schemaType.js:1446:9
    at process.processTicksAndRejections (node:internal/process/task_queues:85:11)
2026-01-26 17:32:29 [ERROR]: ValidationError: Project validation failed: organizationId: Path `organizationId` is required.
    at Document.invalidate (C:\Users\MaseehJ\project-management-app\backend\node_modules\mongoose\lib\document.js:3373:32)
    at C:\Users\MaseehJ\project-management-app\backend\node_modules\mongoose\lib\document.js:3134:17
    at C:\Users\MaseehJ\project-management-app\backend\node_modules\mongoose\lib\schemaType.js:1446:9
    at process.processTicksAndRejections (node:internal/process/task_queues:85:11)
2026-01-26 17:32:29 [ERROR]: ValidationError: Project validation failed: organizationId: Path `organizationId` is required.
    at Document.invalidate (C:\Users\MaseehJ\project-management-app\backend\node_modules\mongoose\lib\document.js:3373:32)
    at C:\Users\MaseehJ\project-management-app\backend\node_modules\mongoose\lib\document.js:3134:17
    at C:\Users\MaseehJ\project-management-app\backend\node_modules\mongoose\lib\schemaType.js:1446:9
    at process.processTicksAndRejections (node:internal/process/task_queues:85:11)
2026-01-26 17:32:30 [ERROR]: ValidationError: Project validation failed: organizationId: Path `organizationId` is required.
    at Document.invalidate (C:\Users\MaseehJ\project-management-app\backend\node_modules\mongoose\lib\document.js:3373:32)
    at C:\Users\MaseehJ\project-management-app\backend\node_modules\mongoose\lib\document.js:3134:17
    at C:\Users\MaseehJ\project-management-app\backend\node_modules\mongoose\lib\schemaType.js:1446:9
    at process.processTicksAndRejections (node:internal/process/task_queues:85:11)
2026-01-26 17:33:05 [INFO]: Notification service initialized with Socket.IO
2026-01-26 17:33:05 [INFO]: Server running in development mode on port 5000
2026-01-26 17:33:05 [INFO]: API Documentation: http://localhost:5000/api-docs
2026-01-26 17:33:05 [INFO]: Upload directory created: C:\Users\MaseehJ\project-management-app\backend\uploads
2026-01-26 17:33:05 [INFO]: MongoDB Connected: localhost
2026-01-26 17:33:09 [INFO]: Notification service initialized with Socket.IO
2026-01-26 17:33:09 [INFO]: Server running in development mode on port 5000
2026-01-26 17:33:09 [INFO]: API Documentation: http://localhost:5000/api-docs
2026-01-26 17:33:09 [INFO]: Upload directory created: C:\Users\MaseehJ\project-management-app\backend\uploads
2026-01-26 17:33:09 [INFO]: MongoDB Connected: localhost
2026-01-26 17:33:13 [INFO]: Notification service initialized with Socket.IO
2026-01-26 17:33:13 [INFO]: Server running in development mode on port 5000
2026-01-26 17:33:13 [INFO]: API Documentation: http://localhost:5000/api-docs
2026-01-26 17:33:13 [INFO]: Upload directory created: C:\Users\MaseehJ\project-management-app\backend\uploads
2026-01-26 17:33:13 [INFO]: MongoDB Connected: localhost
2026-01-26 17:33:37 [ERROR]: ValidationError: Project validation failed: key: Path `key` is required.
    at Document.invalidate (C:\Users\MaseehJ\project-management-app\backend\node_modules\mongoose\lib\document.js:3373:32)
    at C:\Users\MaseehJ\project-management-app\backend\node_modules\mongoose\lib\document.js:3134:17
    at C:\Users\MaseehJ\project-management-app\backend\node_modules\mongoose\lib\schemaType.js:1446:9
    at process.processTicksAndRejections (node:internal/process/task_queues:85:11)
2026-01-26 17:33:57 [INFO]: Notification service initialized with Socket.IO
2026-01-26 17:33:57 [INFO]: Server running in development mode on port 5000
2026-01-26 17:33:57 [INFO]: API Documentation: http://localhost:5000/api-docs
2026-01-26 17:33:57 [INFO]: Upload directory created: C:\Users\MaseehJ\project-management-app\backend\uploads
2026-01-26 17:33:57 [INFO]: MongoDB Connected: localhost
2026-01-26 17:35:37 [ERROR]: ValidationError: Task validation failed: taskNumber: Path `taskNumber` is required.
    at Document.invalidate (C:\Users\MaseehJ\project-management-app\backend\node_modules\mongoose\lib\document.js:3373:32)
    at C:\Users\MaseehJ\project-management-app\backend\node_modules\mongoose\lib\document.js:3134:17
    at C:\Users\MaseehJ\project-management-app\backend\node_modules\mongoose\lib\schemaType.js:1446:9
    at process.processTicksAndRejections (node:internal/process/task_queues:85:11)
2026-01-26 17:35:57 [INFO]: Notification service initialized with Socket.IO
2026-01-26 17:35:57 [INFO]: Server running in development mode on port 5000
2026-01-26 17:35:57 [INFO]: API Documentation: http://localhost:5000/api-docs
2026-01-26 17:35:57 [INFO]: Upload directory created: C:\Users\MaseehJ\project-management-app\backend\uploads
2026-01-26 17:35:57 [INFO]: MongoDB Connected: localhost
2026-01-30 16:37:40 [INFO]: Notification service initialized with Socket.IO
2026-01-30 16:37:40 [INFO]: Server running in development mode on port 5000
2026-01-30 16:37:40 [INFO]: API Documentation: http://localhost:5000/api-docs
2026-01-30 16:37:40 [INFO]: Upload directory created: C:\Users\MaseehJ\Documents\project-management-app\backend\uploads
2026-01-30 16:37:40 [INFO]: MongoDB Connected: localhost
2026-01-30 16:38:25 [ERROR]: Error: Invalid credentials
    at userSchema.statics.findByCredentials (C:\Users\MaseehJ\Documents\project-management-app\backend\src\models\User.js:173:11)
    at process.processTicksAndRejections (node:internal/process/task_queues:105:5)
    at async AuthService.login (C:\Users\MaseehJ\Documents\project-management-app\backend\src\services\auth.service.js:82:18)
    at async C:\Users\MaseehJ\Documents\project-management-app\backend\src\controllers\auth.controller.js:25:18
2026-01-30 16:39:13 [INFO]: Email service initialized
2026-01-30 16:39:13 [ERROR]: Error: connect ECONNREFUSED 127.0.0.1:587
    at TCPConnectWrap.afterConnect [as oncomplete] (node:net:1637:16)
2026-01-30 16:39:13 [ERROR]: Error: connect ECONNREFUSED 127.0.0.1:587
    at TCPConnectWrap.afterConnect [as oncomplete] (node:net:1637:16)
2026-01-30 16:57:50 [INFO]: Notification service initialized with Socket.IO
2026-01-30 16:57:51 [INFO]: Server running in development mode on port 5000
2026-01-30 16:57:51 [INFO]: API Documentation: http://localhost:5000/api-docs
2026-01-30 16:57:51 [INFO]: Upload directory created: C:\Users\MaseehJ\Documents\project-management-app\backend\uploads
2026-01-30 16:57:51 [INFO]: MongoDB Connected: localhost
2026-01-30 16:58:30 [INFO]: Notification service initialized with Socket.IO
2026-01-30 16:58:30 [INFO]: Server running in development mode on port 5000
2026-01-30 16:58:30 [INFO]: API Documentation: http://localhost:5000/api-docs
2026-01-30 16:58:30 [INFO]: Upload directory created: C:\Users\MaseehJ\Documents\project-management-app\backend\uploads
2026-01-30 16:58:30 [INFO]: MongoDB Connected: localhost
2026-01-30 16:58:57 [INFO]: Notification service initialized with Socket.IO
2026-01-30 16:58:57 [INFO]: Server running in development mode on port 5000
2026-01-30 16:58:57 [INFO]: API Documentation: http://localhost:5000/api-docs
2026-01-30 16:58:57 [INFO]: Upload directory created: C:\Users\MaseehJ\Documents\project-management-app\backend\uploads
2026-01-30 16:58:57 [INFO]: MongoDB Connected: localhost
2026-01-30 17:00:06 [INFO]: Notification service initialized with Socket.IO
2026-01-30 17:00:06 [INFO]: Server running in development mode on port 5000
2026-01-30 17:00:06 [INFO]: API Documentation: http://localhost:5000/api-docs
2026-01-30 17:00:06 [INFO]: Upload directory created: C:\Users\MaseehJ\Documents\project-management-app\backend\uploads
2026-01-30 17:00:06 [INFO]: MongoDB Connected: localhost
2026-01-30 17:00:54 [INFO]: Notification service initialized with Socket.IO
2026-01-30 17:00:54 [INFO]: Server running in development mode on port 5000
2026-01-30 17:00:54 [INFO]: API Documentation: http://localhost:5000/api-docs
2026-01-30 17:00:54 [INFO]: Upload directory created: C:\Users\MaseehJ\Documents\project-management-app\backend\uploads
2026-01-30 17:00:54 [INFO]: MongoDB Connected: localhost
2026-01-30 17:01:32 [INFO]: Notification service initialized with Socket.IO
2026-01-30 17:01:32 [INFO]: Server running in development mode on port 5000
2026-01-30 17:01:32 [INFO]: API Documentation: http://localhost:5000/api-docs
2026-01-30 17:01:32 [INFO]: Upload directory created: C:\Users\MaseehJ\Documents\project-management-app\backend\uploads
2026-01-30 17:01:32 [INFO]: MongoDB Connected: localhost
2026-01-30 17:02:10 [INFO]: Notification service initialized with Socket.IO
2026-01-30 17:02:10 [INFO]: Server running in development mode on port 5000
2026-01-30 17:02:10 [INFO]: API Documentation: http://localhost:5000/api-docs
2026-01-30 17:02:10 [INFO]: Upload directory created: C:\Users\MaseehJ\Documents\project-management-app\backend\uploads
2026-01-30 17:02:10 [INFO]: MongoDB Connected: localhost
2026-01-30 17:02:23 [INFO]: Notification service initialized with Socket.IO
2026-01-30 17:02:23 [INFO]: Server running in development mode on port 5000
2026-01-30 17:02:23 [INFO]: API Documentation: http://localhost:5000/api-docs
2026-01-30 17:02:23 [INFO]: Upload directory created: C:\Users\MaseehJ\Documents\project-management-app\backend\uploads
2026-01-30 17:02:23 [INFO]: MongoDB Connected: localhost
2026-01-30 17:03:20 [INFO]: Notification service initialized with Socket.IO
2026-01-30 17:03:20 [INFO]: Server running in development mode on port 5000
2026-01-30 17:03:20 [INFO]: API Documentation: http://localhost:5000/api-docs
2026-01-30 17:03:20 [INFO]: Upload directory created: C:\Users\MaseehJ\Documents\project-management-app\backend\uploads
2026-01-30 17:03:20 [INFO]: MongoDB Connected: localhost
2026-01-30 17:04:09 [INFO]: Notification service initialized with Socket.IO
2026-01-30 17:04:09 [INFO]: Server running in development mode on port 5000
2026-01-30 17:04:09 [INFO]: API Documentation: http://localhost:5000/api-docs
2026-01-30 17:04:09 [INFO]: Upload directory created: C:\Users\MaseehJ\Documents\project-management-app\backend\uploads
2026-01-30 17:04:09 [INFO]: MongoDB Connected: localhost
2026-01-30 17:04:28 [INFO]: Notification service initialized with Socket.IO
2026-01-30 17:04:28 [INFO]: Server running in development mode on port 5000
2026-01-30 17:04:28 [INFO]: API Documentation: http://localhost:5000/api-docs
2026-01-30 17:04:28 [INFO]: Upload directory created: C:\Users\MaseehJ\Documents\project-management-app\backend\uploads
2026-01-30 17:04:28 [INFO]: MongoDB Connected: localhost
2026-01-30 17:04:33 [INFO]: Notification service initialized with Socket.IO
2026-01-30 17:04:33 [INFO]: Server running in development mode on port 5000
2026-01-30 17:04:33 [INFO]: API Documentation: http://localhost:5000/api-docs
2026-01-30 17:04:33 [INFO]: Upload directory created: C:\Users\MaseehJ\Documents\project-management-app\backend\uploads
2026-01-30 17:04:33 [INFO]: MongoDB Connected: localhost
2026-01-30 17:06:24 [INFO]: Notification service initialized with Socket.IO
2026-01-30 17:06:24 [INFO]: Server running in development mode on port 5000
2026-01-30 17:06:24 [INFO]: API Documentation: http://localhost:5000/api-docs
2026-01-30 17:06:24 [INFO]: Upload directory created: C:\Users\MaseehJ\Documents\project-management-app\backend\uploads
2026-01-30 17:06:24 [INFO]: MongoDB Connected: localhost
2026-01-30 17:21:09 [INFO]: Notification service initialized with Socket.IO
2026-01-30 17:21:09 [INFO]: Server running in development mode on port 5000
2026-01-30 17:21:09 [INFO]: API Documentation: http://localhost:5000/api-docs
2026-01-30 17:21:09 [INFO]: Upload directory created: C:\Users\MaseehJ\Documents\project-management-app\backend\uploads
2026-01-30 17:21:09 [INFO]: MongoDB Connected: localhost
2026-01-30 17:21:14 [INFO]: Notification service initialized with Socket.IO
2026-01-30 17:21:14 [INFO]: Server running in development mode on port 5000
2026-01-30 17:21:14 [INFO]: API Documentation: http://localhost:5000/api-docs
2026-01-30 17:21:14 [INFO]: Upload directory created: C:\Users\MaseehJ\Documents\project-management-app\backend\uploads
2026-01-30 17:21:14 [INFO]: MongoDB Connected: localhost
2026-01-30 17:33:09 [INFO]: Email service initialized
2026-01-30 17:33:09 [ERROR]: Error: connect ECONNREFUSED 127.0.0.1:587
    at TCPConnectWrap.afterConnect [as oncomplete] (node:net:1637:16)
2026-01-30 17:33:09 [ERROR]: Error: connect ECONNREFUSED 127.0.0.1:587
    at TCPConnectWrap.afterConnect [as oncomplete] (node:net:1637:16)
